<?xml version="1.0" encoding="UTF-8"?>
<!-- Generated by org.testng.reporters.JUnitXMLReporter -->
<testsuite ignored="2" hostname="DESKTOP-R4K58LI" failures="4" tests="4" name="Test" time="0.183" errors="0" timestamp="2023-01-20T22:07:14 IST">
  <testcase classname="TestCases.LoginPageTest" name="verifyBotLogotest" time="0.02">
    <failure type="java.lang.NullPointerException">
      <![CDATA[java.lang.NullPointerException
at TestCases.LoginPageTest.verifyBotLogotest(LoginPageTest.java:45)
at java.base/java.util.ArrayList.forEach(ArrayList.java:1541)
... Removed 27 stack frames]]>
    </failure>
  </testcase> <!-- verifyBotLogotest -->
  <testcase classname="TestCases.LoginPageTest" name="verifyInventoryUrl" time="0.063">
    <failure type="java.io.FileNotFoundException" message="C:\Users\Yogesh\eclipse-workspace\FrameworkProject\TestData\config.Properties (The system cannot find the path specified)">
      <![CDATA[java.io.FileNotFoundException: C:\Users\Yogesh\eclipse-workspace\FrameworkProject\TestData\config.Properties (The system cannot find the path specified)
at java.base/java.io.FileInputStream.open0(Native Method)
at java.base/java.io.FileInputStream.open(FileInputStream.java:219)
at java.base/java.io.FileInputStream.<init>(FileInputStream.java:157)
at java.base/java.io.FileInputStream.<init>(FileInputStream.java:112)
at Utility.ReadData.readPropertyFile(ReadData.java:17)
at Pages.LoginPage.enterUsername(LoginPage.java:22)
at Base.TestBase.loginApp(TestBase.java:29)
at TestCases.LoginPageTest.verifyInventoryUrl(LoginPageTest.java:54)
at java.base/java.util.ArrayList.forEach(ArrayList.java:1541)
... Removed 27 stack frames]]>
    </failure>
  </testcase> <!-- verifyInventoryUrl -->
  <testcase classname="TestCases.LoginPageTest" name="verifyTitleLogoTest" time="0.006">
    <failure type="java.lang.NullPointerException">
      <![CDATA[java.lang.NullPointerException
at TestCases.LoginPageTest.verifyTitleLogoTest(LoginPageTest.java:39)
at java.base/java.util.ArrayList.forEach(ArrayList.java:1541)
... Removed 27 stack frames]]>
    </failure>
  </testcase> <!-- verifyTitleLogoTest -->
  <testcase classname="TestCases.LoginPageTest" name="verifyUrlTest" time="0.003">
    <failure type="java.lang.NullPointerException">
      <![CDATA[java.lang.NullPointerException
at TestCases.LoginPageTest.verifyUrlTest(LoginPageTest.java:31)
at java.base/java.util.ArrayList.forEach(ArrayList.java:1541)
... Removed 27 stack frames]]>
    </failure>
  </testcase> <!-- verifyUrlTest -->
  <testcase classname="TestCases.LoginPageTest" name="verifyLoginTest" time="0.0">
    <ignored/>
  </testcase> <!-- verifyLoginTest -->
  <testcase classname="TestCases.LoginPageTest" name="verifyTitleTest" time="0.0">
    <ignored/>
  </testcase> <!-- verifyTitleTest -->
</testsuite> <!-- Test -->
